2026-05-24 13:04:29 [ERROR]: 500 - SASL: SCRAM-SERVER-FIRST-MESSAGE: client password must be a string
Error: SASL: SCRAM-SERVER-FIRST-MESSAGE: client password must be a string
    at /home/r34p3r/Projects/Boresha_mama/backend/node_modules/pg-pool/index.js:45:11
    at process.processTicksAndRejections (node:internal/process/task_queues:104:5)
    at async AuthService.register (/home/r34p3r/Projects/Boresha_mama/backend/src/services/authService.js:12:20)
    at async exports.register (/home/r34p3r/Projects/Boresha_mama/backend/src/controllers/authController.js:6:20)
2026-05-24 13:05:16 [ERROR]: 500 - SASL: SCRAM-SERVER-FIRST-MESSAGE: client password must be a string
Error: SASL: SCRAM-SERVER-FIRST-MESSAGE: client password must be a string
    at /home/r34p3r/Projects/Boresha_mama/backend/node_modules/pg-pool/index.js:45:11
    at process.processTicksAndRejections (node:internal/process/task_queues:104:5)
    at async AuthService.register (/home/r34p3r/Projects/Boresha_mama/backend/src/services/authService.js:12:20)
    at async exports.register (/home/r34p3r/Projects/Boresha_mama/backend/src/controllers/authController.js:6:20)
2026-05-24 13:29:54 [ERROR]: 500 - password authentication failed for user "postgres"
error: password authentication failed for user "postgres"
    at /home/r34p3r/Projects/Boresha_mama/backend/node_modules/pg-pool/index.js:45:11
    at process.processTicksAndRejections (node:internal/process/task_queues:104:5)
    at async AuthService.register (/home/r34p3r/Projects/Boresha_mama/backend/src/services/authService.js:12:20)
    at async exports.register (/home/r34p3r/Projects/Boresha_mama/backend/src/controllers/authController.js:6:20)
2026-05-24 13:29:56 [ERROR]: 500 - password authentication failed for user "postgres"
error: password authentication failed for user "postgres"
    at /home/r34p3r/Projects/Boresha_mama/backend/node_modules/pg-pool/index.js:45:11
    at process.processTicksAndRejections (node:internal/process/task_queues:104:5)
    at async AuthService.register (/home/r34p3r/Projects/Boresha_mama/backend/src/services/authService.js:12:20)
    at async exports.register (/home/r34p3r/Projects/Boresha_mama/backend/src/controllers/authController.js:6:20)
2026-05-24 13:42:52 [ERROR]: 500 - password authentication failed for user "postgres"
error: password authentication failed for user "postgres"
    at /home/r34p3r/Projects/Boresha_mama/backend/node_modules/pg-pool/index.js:45:11
    at process.processTicksAndRejections (node:internal/process/task_queues:104:5)
    at async AuthService.register (/home/r34p3r/Projects/Boresha_mama/backend/src/services/authService.js:12:20)
    at async exports.register (/home/r34p3r/Projects/Boresha_mama/backend/src/controllers/authController.js:6:20)
2026-05-24 13:43:57 [ERROR]: 500 - password authentication failed for user "postgres"
error: password authentication failed for user "postgres"
    at /home/r34p3r/Projects/Boresha_mama/backend/node_modules/pg-pool/index.js:45:11
    at process.processTicksAndRejections (node:internal/process/task_queues:104:5)
    at async AuthService.register (/home/r34p3r/Projects/Boresha_mama/backend/src/services/authService.js:12:20)
    at async exports.register (/home/r34p3r/Projects/Boresha_mama/backend/src/controllers/authController.js:6:20)
2026-05-24 13:48:38 [ERROR]: 500 - relation "users" does not exist
error: relation "users" does not exist
    at /home/r34p3r/Projects/Boresha_mama/backend/node_modules/pg/lib/client.js:646:17
    at process.processTicksAndRejections (node:internal/process/task_queues:104:5)
    at async AuthService.register (/home/r34p3r/Projects/Boresha_mama/backend/src/services/authService.js:17:28)
    at async exports.register (/home/r34p3r/Projects/Boresha_mama/backend/src/controllers/authController.js:6:20)
2026-05-24 15:00:46 [ERROR]: 403 - Mother registration must be done by a CHV or health facility. Please visit your nearest health facility.
Error: Mother registration must be done by a CHV or health facility. Please visit your nearest health facility.
    at AuthService.register (/home/r34p3r/Projects/Boresha_mama/backend/src/services/authService.js:18:15)
    at process.processTicksAndRejections (node:internal/process/task_queues:104:5)
    at async exports.register (/home/r34p3r/Projects/Boresha_mama/backend/src/controllers/authController.js:6:20)
2026-05-24 18:00:20 [ERROR]: 401 - Invalid phone number or password
Error: Invalid phone number or password
    at AuthService.login (/home/r34p3r/Projects/Boresha_mama/backend/src/services/authService.js:78:13)
    at process.processTicksAndRejections (node:internal/process/task_queues:104:5)
    at async exports.login (/home/r34p3r/Projects/Boresha_mama/backend/src/controllers/authController.js:35:20)
2026-05-24 18:02:46 [ERROR]: 401 - Invalid phone number or password
Error: Invalid phone number or password
    at AuthService.login (/home/r34p3r/Projects/Boresha_mama/backend/src/services/authService.js:78:13)
    at process.processTicksAndRejections (node:internal/process/task_queues:104:5)
    at async exports.login (/home/r34p3r/Projects/Boresha_mama/backend/src/controllers/authController.js:35:20)
2026-05-25 15:41:42 [ERROR]: 500 - relation "locations" does not exist
error: relation "locations" does not exist
    at /home/r34p3r/Projects/Boresha_mama/backend/node_modules/pg-pool/index.js:45:11
    at process.processTicksAndRejections (node:internal/process/task_queues:104:5)
    at async exports.getLocations (/home/r34p3r/Projects/Boresha_mama/backend/src/controllers/locationController.js:20:20)
2026-05-25 15:43:27 [ERROR]: 500 - relation "locations" does not exist
error: relation "locations" does not exist
    at /home/r34p3r/Projects/Boresha_mama/backend/node_modules/pg-pool/index.js:45:11
    at process.processTicksAndRejections (node:internal/process/task_queues:104:5)
    at async exports.getLocations (/home/r34p3r/Projects/Boresha_mama/backend/src/controllers/locationController.js:20:20)
2026-05-27 15:23:50 [ERROR]: 401 - Invalid phone number or password
Error: Invalid phone number or password
    at AuthService.login (/home/r34p3r/Projects/Boresha_mama/backend/src/services/authService.js:79:13)
    at process.processTicksAndRejections (node:internal/process/task_queues:104:5)
    at async exports.login (/home/r34p3r/Projects/Boresha_mama/backend/src/controllers/authController.js:35:20)
2026-05-27 15:24:06 [ERROR]: 401 - Invalid phone number or password
Error: Invalid phone number or password
    at AuthService.login (/home/r34p3r/Projects/Boresha_mama/backend/src/services/authService.js:89:13)
    at async exports.login (/home/r34p3r/Projects/Boresha_mama/backend/src/controllers/authController.js:35:20)
2026-05-27 15:24:27 [ERROR]: 401 - Invalid phone number or password
Error: Invalid phone number or password
    at AuthService.login (/home/r34p3r/Projects/Boresha_mama/backend/src/services/authService.js:89:13)
    at async exports.login (/home/r34p3r/Projects/Boresha_mama/backend/src/controllers/authController.js:35:20)
2026-05-27 15:24:42 [ERROR]: 401 - Invalid phone number or password
Error: Invalid phone number or password
    at AuthService.login (/home/r34p3r/Projects/Boresha_mama/backend/src/services/authService.js:79:13)
    at process.processTicksAndRejections (node:internal/process/task_queues:104:5)
    at async exports.login (/home/r34p3r/Projects/Boresha_mama/backend/src/controllers/authController.js:35:20)
2026-05-27 15:25:11 [ERROR]: 401 - Invalid phone number or password
Error: Invalid phone number or password
    at AuthService.login (/home/r34p3r/Projects/Boresha_mama/backend/src/services/authService.js:79:13)
    at process.processTicksAndRejections (node:internal/process/task_queues:104:5)
    at async exports.login (/home/r34p3r/Projects/Boresha_mama/backend/src/controllers/authController.js:35:20)
2026-05-27 15:26:10 [ERROR]: Migration failed: type "user_role" already exists
error: type "user_role" already exists
    at /home/r34p3r/Projects/Boresha_mama/backend/node_modules/pg/lib/client.js:646:17
    at process.processTicksAndRejections (node:internal/process/task_queues:104:5)
    at async runMigrations (/home/r34p3r/Projects/Boresha_mama/backend/src/migrations/run.js:20:7)
2026-05-27 15:49:39 [ERROR]: 404 - Pregnancy not found
Error: Pregnancy not found
    at exports.getPregnancyById (/home/r34p3r/Projects/Boresha_mama/backend/src/controllers/pregnancyController.js:96:13)
    at process.processTicksAndRejections (node:internal/process/task_queues:104:5)
2026-05-27 15:49:39 [ERROR]: 404 - Pregnancy not found
Error: Pregnancy not found
    at exports.getPregnancyById (/home/r34p3r/Projects/Boresha_mama/backend/src/controllers/pregnancyController.js:96:13)
    at process.processTicksAndRejections (node:internal/process/task_queues:104:5)
2026-05-27 15:49:39 [ERROR]: 404 - User not found
Error: User not found
    at exports.getProfile (/home/r34p3r/Projects/Boresha_mama/backend/src/controllers/authController.js:61:13)
    at process.processTicksAndRejections (node:internal/process/task_queues:104:5)
2026-05-27 15:49:39 [ERROR]: 404 - User not found
Error: User not found
    at exports.getProfile (/home/r34p3r/Projects/Boresha_mama/backend/src/controllers/authController.js:61:13)
    at process.processTicksAndRejections (node:internal/process/task_queues:104:5)
2026-05-27 15:49:39 [ERROR]: 404 - Pregnancy not found
Error: Pregnancy not found
    at exports.getPregnancyTimeline (/home/r34p3r/Projects/Boresha_mama/backend/src/controllers/pregnancyController.js:140:13)
    at process.processTicksAndRejections (node:internal/process/task_queues:104:5)
2026-05-27 15:49:39 [ERROR]: 404 - Pregnancy not found
Error: Pregnancy not found
    at exports.getPregnancyTimeline (/home/r34p3r/Projects/Boresha_mama/backend/src/controllers/pregnancyController.js:140:13)
    at process.processTicksAndRejections (node:internal/process/task_queues:104:5)
2026-05-27 15:54:12 [ERROR]: 404 - Pregnancy not found
Error: Pregnancy not found
    at exports.getPregnancyTimeline (/home/r34p3r/Projects/Boresha_mama/backend/src/controllers/pregnancyController.js:140:13)
    at process.processTicksAndRejections (node:internal/process/task_queues:104:5)
2026-05-27 15:54:12 [ERROR]: 404 - User not found
Error: User not found
    at exports.getProfile (/home/r34p3r/Projects/Boresha_mama/backend/src/controllers/authController.js:61:13)
    at process.processTicksAndRejections (node:internal/process/task_queues:104:5)
2026-05-27 15:54:12 [ERROR]: 404 - Pregnancy not found
Error: Pregnancy not found
    at exports.getPregnancyById (/home/r34p3r/Projects/Boresha_mama/backend/src/controllers/pregnancyController.js:96:13)
    at process.processTicksAndRejections (node:internal/process/task_queues:104:5)
2026-05-27 15:54:12 [ERROR]: 404 - Pregnancy not found
Error: Pregnancy not found
    at exports.getPregnancyTimeline (/home/r34p3r/Projects/Boresha_mama/backend/src/controllers/pregnancyController.js:140:13)
    at process.processTicksAndRejections (node:internal/process/task_queues:104:5)
2026-05-27 15:54:12 [ERROR]: 404 - User not found
Error: User not found
    at exports.getProfile (/home/r34p3r/Projects/Boresha_mama/backend/src/controllers/authController.js:61:13)
    at process.processTicksAndRejections (node:internal/process/task_queues:104:5)
2026-05-27 15:54:12 [ERROR]: 404 - Pregnancy not found
Error: Pregnancy not found
    at exports.getPregnancyById (/home/r34p3r/Projects/Boresha_mama/backend/src/controllers/pregnancyController.js:96:13)
    at process.processTicksAndRejections (node:internal/process/task_queues:104:5)
2026-05-27 16:06:27 [ERROR]: SMS send failed:
2026-05-27 16:14:54 [ERROR]: 404 - Facility staff profile not found
Error: Facility staff profile not found
    at exports.getDashboardStats (/home/r34p3r/Projects/Boresha_mama/backend/src/controllers/reportController.js:56:47)
    at process.processTicksAndRejections (node:internal/process/task_queues:104:5)
2026-05-27 16:14:54 [ERROR]: 404 - Facility staff profile not found
Error: Facility staff profile not found
    at exports.getDashboardStats (/home/r34p3r/Projects/Boresha_mama/backend/src/controllers/reportController.js:56:47)
    at process.processTicksAndRejections (node:internal/process/task_queues:104:5)
2026-05-27 16:14:54 [ERROR]: 404 - User not found
Error: User not found
    at exports.getProfile (/home/r34p3r/Projects/Boresha_mama/backend/src/controllers/authController.js:61:13)
    at process.processTicksAndRejections (node:internal/process/task_queues:104:5)
2026-05-27 16:14:54 [ERROR]: 404 - User not found
Error: User not found
    at exports.getProfile (/home/r34p3r/Projects/Boresha_mama/backend/src/controllers/authController.js:61:13)
    at process.processTicksAndRejections (node:internal/process/task_queues:104:5)
2026-05-27 16:26:01 [ERROR]: 401 - Invalid phone number or password
Error: Invalid phone number or password
    at AuthService.login (/home/r34p3r/Projects/Boresha_mama/backend/src/services/authService.js:79:13)
    at process.processTicksAndRejections (node:internal/process/task_queues:104:5)
    at async exports.login (/home/r34p3r/Projects/Boresha_mama/backend/src/controllers/authController.js:35:20)
2026-05-27 16:26:26 [ERROR]: 401 - Invalid phone number or password
Error: Invalid phone number or password
    at AuthService.login (/home/r34p3r/Projects/Boresha_mama/backend/src/services/authService.js:79:13)
    at process.processTicksAndRejections (node:internal/process/task_queues:104:5)
    at async exports.login (/home/r34p3r/Projects/Boresha_mama/backend/src/controllers/authController.js:35:20)
2026-05-27 17:01:17 [ERROR]: 404 - User not found
Error: User not found
    at exports.getProfile (/home/r34p3r/Projects/Boresha_mama/backend/src/controllers/authController.js:61:13)
    at process.processTicksAndRejections (node:internal/process/task_queues:104:5)
2026-05-27 17:17:26 [ERROR]: 401 - Invalid phone number or password
Error: Invalid phone number or password
    at AuthService.login (/home/r34p3r/Projects/Boresha_mama/backend/src/services/authService.js:89:13)
    at async exports.login (/home/r34p3r/Projects/Boresha_mama/backend/src/controllers/authController.js:35:20)
2026-05-27 17:24:04 [ERROR]: 401 - Invalid phone number or password
Error: Invalid phone number or password
    at AuthService.login (/home/r34p3r/Projects/Boresha_mama/backend/src/services/authService.js:79:13)
    at process.processTicksAndRejections (node:internal/process/task_queues:104:5)
    at async exports.login (/home/r34p3r/Projects/Boresha_mama/backend/src/controllers/authController.js:35:20)
2026-05-27 17:24:07 [ERROR]: 401 - Invalid phone number or password
Error: Invalid phone number or password
    at AuthService.login (/home/r34p3r/Projects/Boresha_mama/backend/src/services/authService.js:79:13)
    at process.processTicksAndRejections (node:internal/process/task_queues:104:5)
    at async exports.login (/home/r34p3r/Projects/Boresha_mama/backend/src/controllers/authController.js:35:20)
2026-05-27 17:25:14 [ERROR]: SMS send failed:
2026-05-27 17:25:23 [ERROR]: SMS send failed:
2026-05-27 17:25:42 [ERROR]: SMS send failed:
2026-05-27 17:35:55 [ERROR]: 403 - Account is deactivated. Contact administrator.
Error: Account is deactivated. Contact administrator.
    at AuthService.login (/home/r34p3r/Projects/Boresha_mama/backend/src/services/authService.js:85:13)
    at process.processTicksAndRejections (node:internal/process/task_queues:104:5)
    at async exports.login (/home/r34p3r/Projects/Boresha_mama/backend/src/controllers/authController.js:35:20)
2026-05-27 17:36:42 [ERROR]: 409 - Phone number already registered
Error: Phone number already registered
    at AuthService.register (/home/r34p3r/Projects/Boresha_mama/backend/src/services/authService.js:27:15)
    at process.processTicksAndRejections (node:internal/process/task_queues:104:5)
    at async exports.register (/home/r34p3r/Projects/Boresha_mama/backend/src/controllers/authController.js:6:20)
2026-05-27 17:39:14 [ERROR]: 500 - value too long for type character varying(10)
error: value too long for type character varying(10)
    at /home/r34p3r/Projects/Boresha_mama/backend/node_modules/pg/lib/client.js:646:17
    at process.processTicksAndRejections (node:internal/process/task_queues:104:5)
    at async AuthService.register (/home/r34p3r/Projects/Boresha_mama/backend/src/services/authService.js:34:7)
    at async exports.register (/home/r34p3r/Projects/Boresha_mama/backend/src/controllers/authController.js:6:20)
2026-05-27 17:39:25 [ERROR]: 500 - value too long for type character varying(10)
error: value too long for type character varying(10)
    at /home/r34p3r/Projects/Boresha_mama/backend/node_modules/pg/lib/client.js:646:17
    at process.processTicksAndRejections (node:internal/process/task_queues:104:5)
    at async AuthService.register (/home/r34p3r/Projects/Boresha_mama/backend/src/services/authService.js:34:7)
    at async exports.register (/home/r34p3r/Projects/Boresha_mama/backend/src/controllers/authController.js:6:20)
2026-05-27 17:45:36 [ERROR]: 409 - Phone number already registered
Error: Phone number already registered
    at AuthService.registerMother (/home/r34p3r/Projects/Boresha_mama/backend/src/services/authService.js:152:15)
    at process.processTicksAndRejections (node:internal/process/task_queues:104:5)
    at async exports.registerMother (/home/r34p3r/Projects/Boresha_mama/backend/src/controllers/authController.js:20:20)
2026-05-27 17:48:30 [ERROR]: SMS send failed:
2026-05-27 18:03:44 [ERROR]: 401 - Invalid phone number or password
Error: Invalid phone number or password
    at AuthService.login (/home/r34p3r/Projects/Boresha_mama/backend/src/services/authService.js:91:13)
    at async exports.login (/home/r34p3r/Projects/Boresha_mama/backend/src/controllers/authController.js:35:20)
2026-05-28 07:52:37 [ERROR]: SMS send failed:
2026-05-28 07:54:52 [ERROR]: 401 - Invalid email/phone or password
Error: Invalid email/phone or password
    at AuthService.login (/home/r34p3r/Projects/Boresha_mama/backend/src/services/authService.js:94:13)
    at Object.<anonymous>.exports.login (/home/r34p3r/Projects/Boresha_mama/backend/src/controllers/authController.js:36:20)
2026-05-28 07:56:34 [ERROR]: 401 - Invalid email/phone or password
Error: Invalid email/phone or password
    at AuthService.login (/home/r34p3r/Projects/Boresha_mama/backend/src/services/authService.js:94:13)
    at Object.<anonymous>.exports.login (/home/r34p3r/Projects/Boresha_mama/backend/src/controllers/authController.js:36:20)
2026-05-28 08:17:06 [ERROR]: 401 - Invalid email/phone or password
Error: Invalid email/phone or password
    at AuthService.login (/home/r34p3r/Projects/Boresha_mama/backend/src/services/authService.js:94:13)
    at Object.<anonymous>.exports.login (/home/r34p3r/Projects/Boresha_mama/backend/src/controllers/authController.js:36:20)
2026-05-28 08:44:21 [ERROR]: 401 - Invalid email/phone or password
Error: Invalid email/phone or password
    at AuthService.login (/home/r34p3r/Projects/Boresha_mama/backend/src/services/authService.js:94:13)
    at Object.<anonymous>.exports.login (/home/r34p3r/Projects/Boresha_mama/backend/src/controllers/authController.js:36:20)
2026-05-28 09:20:00 [ERROR]: 401 - Invalid email/phone or password
Error: Invalid email/phone or password
    at AuthService.login (/home/r34p3r/Projects/Boresha_mama/backend/src/services/authService.js:94:13)
    at Object.<anonymous>.exports.login (/home/r34p3r/Projects/Boresha_mama/backend/src/controllers/authController.js:36:20)
2026-05-28 09:52:41 [ERROR]: 500 - password authentication failed for user "postgres"
error: password authentication failed for user "postgres"
    at /home/r34p3r/Projects/Boresha_mama/backend/node_modules/pg-pool/index.js:45:11
    at process.processTicksAndRejections (node:internal/process/task_queues:104:5)
    at async AuthService.login (/home/r34p3r/Projects/Boresha_mama/backend/src/services/authService.js:78:20)
    at async exports.login (/home/r34p3r/Projects/Boresha_mama/backend/src/controllers/authController.js:36:20)
2026-05-28 09:54:18 [ERROR]: 500 - password authentication failed for user "postgres"
error: password authentication failed for user "postgres"
    at /home/r34p3r/Projects/Boresha_mama/backend/node_modules/pg-pool/index.js:45:11
    at process.processTicksAndRejections (node:internal/process/task_queues:104:5)
    at async AuthService.login (/home/r34p3r/Projects/Boresha_mama/backend/src/services/authService.js:78:20)
    at async exports.login (/home/r34p3r/Projects/Boresha_mama/backend/src/controllers/authController.js:36:20)
2026-05-28 09:58:22 [ERROR]: Migration failed: syntax error at or near "NOT"
error: syntax error at or near "NOT"
    at /home/r34p3r/Projects/Boresha_mama/backend/node_modules/pg/lib/client.js:646:17
    at process.processTicksAndRejections (node:internal/process/task_queues:104:5)
    at async runMigrations (/home/r34p3r/Projects/Boresha_mama/backend/src/migrations/run.js:22:9)
2026-05-29 16:23:16 [ERROR]: Migration failed: syntax error at or near "NOT"
error: syntax error at or near "NOT"
    at /home/r34p3r/Projects/Boresha_mama/backend/node_modules/pg/lib/client.js:646:17
    at process.processTicksAndRejections (node:internal/process/task_queues:104:5)
    at async runMigrations (/home/r34p3r/Projects/Boresha_mama/backend/src/migrations/run.js:22:9)
2026-05-29 16:31:35 [ERROR]: Migration failed: syntax error at or near "NOT"
error: syntax error at or near "NOT"
    at /home/r34p3r/Projects/Boresha_mama/backend/node_modules/pg/lib/client.js:646:17
    at process.processTicksAndRejections (node:internal/process/task_queues:104:5)
    at async runMigrations (/home/r34p3r/Projects/Boresha_mama/backend/src/migrations/run.js:22:9)
2026-05-29 16:36:50 [ERROR]: 500 - operator does not exist: user_role = text
error: operator does not exist: user_role = text
    at /home/r34p3r/Projects/Boresha_mama/backend/node_modules/pg-pool/index.js:45:11
    at process.processTicksAndRejections (node:internal/process/task_queues:104:5)
    at async exports.getUsers (/home/r34p3r/Projects/Boresha_mama/backend/src/controllers/authController.js:197:20)
2026-05-29 16:36:50 [ERROR]: 500 - operator does not exist: user_role = text
error: operator does not exist: user_role = text
    at /home/r34p3r/Projects/Boresha_mama/backend/node_modules/pg-pool/index.js:45:11
    at process.processTicksAndRejections (node:internal/process/task_queues:104:5)
    at async exports.getUsers (/home/r34p3r/Projects/Boresha_mama/backend/src/controllers/authController.js:197:20)
2026-05-29 16:37:15 [ERROR]: 500 - operator does not exist: user_role = text
error: operator does not exist: user_role = text
    at /home/r34p3r/Projects/Boresha_mama/backend/node_modules/pg-pool/index.js:45:11
    at process.processTicksAndRejections (node:internal/process/task_queues:104:5)
    at async exports.getUsers (/home/r34p3r/Projects/Boresha_mama/backend/src/controllers/authController.js:197:20)
2026-05-29 16:37:15 [ERROR]: 500 - operator does not exist: user_role = text
error: operator does not exist: user_role = text
    at /home/r34p3r/Projects/Boresha_mama/backend/node_modules/pg-pool/index.js:45:11
    at process.processTicksAndRejections (node:internal/process/task_queues:104:5)
    at async exports.getUsers (/home/r34p3r/Projects/Boresha_mama/backend/src/controllers/authController.js:197:20)
2026-05-29 16:37:26 [ERROR]: 500 - operator does not exist: user_role = text
error: operator does not exist: user_role = text
    at /home/r34p3r/Projects/Boresha_mama/backend/node_modules/pg-pool/index.js:45:11
    at process.processTicksAndRejections (node:internal/process/task_queues:104:5)
    at async exports.getUsers (/home/r34p3r/Projects/Boresha_mama/backend/src/controllers/authController.js:197:20)
2026-05-29 16:38:57 [ERROR]: 500 - operator does not exist: user_role = text
error: operator does not exist: user_role = text
    at /home/r34p3r/Projects/Boresha_mama/backend/node_modules/pg-pool/index.js:45:11
    at process.processTicksAndRejections (node:internal/process/task_queues:104:5)
    at async exports.getUsers (/home/r34p3r/Projects/Boresha_mama/backend/src/controllers/authController.js:197:20)
2026-05-29 16:56:10 [ERROR]: 500 - operator does not exist: user_role = text
error: operator does not exist: user_role = text
    at /home/r34p3r/Projects/Boresha_mama/backend/node_modules/pg-pool/index.js:45:11
    at process.processTicksAndRejections (node:internal/process/task_queues:104:5)
    at async exports.getUsers (/home/r34p3r/Projects/Boresha_mama/backend/src/controllers/authController.js:197:20)
2026-05-29 18:11:39 [ERROR]: 401 - Invalid email/phone or password
Error: Invalid email/phone or password
    at AuthService.login (/home/r34p3r/Projects/Boresha_mama/backend/src/services/authService.js:85:13)
    at process.processTicksAndRejections (node:internal/process/task_queues:104:5)
    at async exports.login (/home/r34p3r/Projects/Boresha_mama/backend/src/controllers/authController.js:36:20)
2026-05-29 18:49:57 [ERROR]: 401 - Invalid email/phone or password
Error: Invalid email/phone or password
    at AuthService.login (/home/r34p3r/Projects/Boresha_mama/backend/src/services/authService.js:95:13)
    at Object.<anonymous>.exports.login (/home/r34p3r/Projects/Boresha_mama/backend/src/controllers/authController.js:36:20)
2026-05-29 18:50:20 [ERROR]: 401 - Invalid email/phone or password
Error: Invalid email/phone or password
    at AuthService.login (/home/r34p3r/Projects/Boresha_mama/backend/src/services/authService.js:95:13)
    at Object.<anonymous>.exports.login (/home/r34p3r/Projects/Boresha_mama/backend/src/controllers/authController.js:36:20)
2026-05-29 18:51:43 [ERROR]: 401 - Invalid email/phone or password
Error: Invalid email/phone or password
    at AuthService.login (/home/r34p3r/Projects/Boresha_mama/backend/src/services/authService.js:95:13)
    at Object.<anonymous>.exports.login (/home/r34p3r/Projects/Boresha_mama/backend/src/controllers/authController.js:36:20)
2026-05-29 18:52:21 [ERROR]: 401 - Invalid email/phone or password
Error: Invalid email/phone or password
    at AuthService.login (/home/r34p3r/Projects/Boresha_mama/backend/src/services/authService.js:95:13)
    at Object.<anonymous>.exports.login (/home/r34p3r/Projects/Boresha_mama/backend/src/controllers/authController.js:36:20)
2026-05-29 19:08:08 [ERROR]: 401 - Invalid email/phone or password
Error: Invalid email/phone or password
    at AuthService.login (/home/r34p3r/Projects/Boresha_mama/backend/src/services/authService.js:95:13)
    at async exports.login (/home/r34p3r/Projects/Boresha_mama/backend/src/controllers/authController.js:36:20)
2026-05-29 19:08:20 [ERROR]: 401 - Invalid email/phone or password
Error: Invalid email/phone or password
    at AuthService.login (/home/r34p3r/Projects/Boresha_mama/backend/src/services/authService.js:95:13)
    at async exports.login (/home/r34p3r/Projects/Boresha_mama/backend/src/controllers/authController.js:36:20)
2026-05-30 09:23:25 [ERROR]: 500 - timestamp with time zone units "monthly" not recognized
error: timestamp with time zone units "monthly" not recognized
    at /home/r34p3r/Projects/Boresha_mama/backend/node_modules/pg-pool/index.js:45:11
    at process.processTicksAndRejections (node:internal/process/task_queues:104:5)
    at async exports.getKPIData (/home/r34p3r/Projects/Boresha_mama/backend/src/controllers/reportController.js:91:25)
2026-05-30 09:23:25 [ERROR]: 500 - timestamp with time zone units "monthly" not recognized
error: timestamp with time zone units "monthly" not recognized
    at /home/r34p3r/Projects/Boresha_mama/backend/node_modules/pg-pool/index.js:45:11
    at process.processTicksAndRejections (node:internal/process/task_queues:104:5)
    at async exports.getKPIData (/home/r34p3r/Projects/Boresha_mama/backend/src/controllers/reportController.js:91:25)
2026-05-30 09:23:36 [ERROR]: 500 - timestamp with time zone units "monthly" not recognized
error: timestamp with time zone units "monthly" not recognized
    at /home/r34p3r/Projects/Boresha_mama/backend/node_modules/pg-pool/index.js:45:11
    at process.processTicksAndRejections (node:internal/process/task_queues:104:5)
    at async exports.getKPIData (/home/r34p3r/Projects/Boresha_mama/backend/src/controllers/reportController.js:91:25)
2026-05-30 09:23:36 [ERROR]: 500 - timestamp with time zone units "monthly" not recognized
error: timestamp with time zone units "monthly" not recognized
    at /home/r34p3r/Projects/Boresha_mama/backend/node_modules/pg-pool/index.js:45:11
    at process.processTicksAndRejections (node:internal/process/task_queues:104:5)
    at async exports.getKPIData (/home/r34p3r/Projects/Boresha_mama/backend/src/controllers/reportController.js:91:25)
2026-05-30 09:23:46 [ERROR]: 500 - timestamp with time zone units "monthly" not recognized
error: timestamp with time zone units "monthly" not recognized
    at /home/r34p3r/Projects/Boresha_mama/backend/node_modules/pg-pool/index.js:45:11
    at process.processTicksAndRejections (node:internal/process/task_queues:104:5)
    at async exports.getKPIData (/home/r34p3r/Projects/Boresha_mama/backend/src/controllers/reportController.js:91:25)
2026-05-30 09:23:46 [ERROR]: 500 - timestamp with time zone units "monthly" not recognized
error: timestamp with time zone units "monthly" not recognized
    at /home/r34p3r/Projects/Boresha_mama/backend/node_modules/pg-pool/index.js:45:11
    at process.processTicksAndRejections (node:internal/process/task_queues:104:5)
    at async exports.getKPIData (/home/r34p3r/Projects/Boresha_mama/backend/src/controllers/reportController.js:91:25)
2026-05-30 09:24:53 [ERROR]: 500 - timestamp with time zone units "monthly" not recognized
error: timestamp with time zone units "monthly" not recognized
    at /home/r34p3r/Projects/Boresha_mama/backend/node_modules/pg-pool/index.js:45:11
    at process.processTicksAndRejections (node:internal/process/task_queues:104:5)
    at async exports.getKPIData (/home/r34p3r/Projects/Boresha_mama/backend/src/controllers/reportController.js:91:25)
2026-05-30 09:24:53 [ERROR]: 500 - timestamp with time zone units "monthly" not recognized
error: timestamp with time zone units "monthly" not recognized
    at /home/r34p3r/Projects/Boresha_mama/backend/node_modules/pg-pool/index.js:45:11
    at process.processTicksAndRejections (node:internal/process/task_queues:104:5)
    at async exports.getKPIData (/home/r34p3r/Projects/Boresha_mama/backend/src/controllers/reportController.js:91:25)
2026-05-30 09:24:55 [ERROR]: 500 - timestamp with time zone units "monthly" not recognized
error: timestamp with time zone units "monthly" not recognized
    at /home/r34p3r/Projects/Boresha_mama/backend/node_modules/pg-pool/index.js:45:11
    at process.processTicksAndRejections (node:internal/process/task_queues:104:5)
    at async exports.getKPIData (/home/r34p3r/Projects/Boresha_mama/backend/src/controllers/reportController.js:91:25)
2026-05-30 09:24:55 [ERROR]: 500 - timestamp with time zone units "monthly" not recognized
error: timestamp with time zone units "monthly" not recognized
    at /home/r34p3r/Projects/Boresha_mama/backend/node_modules/pg-pool/index.js:45:11
    at process.processTicksAndRejections (node:internal/process/task_queues:104:5)
    at async exports.getKPIData (/home/r34p3r/Projects/Boresha_mama/backend/src/controllers/reportController.js:91:25)
2026-05-30 09:25:00 [ERROR]: 500 - timestamp with time zone units "monthly" not recognized
error: timestamp with time zone units "monthly" not recognized
    at /home/r34p3r/Projects/Boresha_mama/backend/node_modules/pg-pool/index.js:45:11
    at process.processTicksAndRejections (node:internal/process/task_queues:104:5)
    at async exports.getKPIData (/home/r34p3r/Projects/Boresha_mama/backend/src/controllers/reportController.js:91:25)
2026-05-30 09:25:00 [ERROR]: 500 - timestamp with time zone units "monthly" not recognized
error: timestamp with time zone units "monthly" not recognized
    at /home/r34p3r/Projects/Boresha_mama/backend/node_modules/pg-pool/index.js:45:11
    at process.processTicksAndRejections (node:internal/process/task_queues:104:5)
    at async exports.getKPIData (/home/r34p3r/Projects/Boresha_mama/backend/src/controllers/reportController.js:91:25)
2026-05-30 09:25:08 [ERROR]: 500 - timestamp with time zone units "monthly" not recognized
error: timestamp with time zone units "monthly" not recognized
    at /home/r34p3r/Projects/Boresha_mama/backend/node_modules/pg-pool/index.js:45:11
    at process.processTicksAndRejections (node:internal/process/task_queues:104:5)
    at async exports.getKPIData (/home/r34p3r/Projects/Boresha_mama/backend/src/controllers/reportController.js:91:25)
2026-05-30 09:25:08 [ERROR]: 500 - timestamp with time zone units "monthly" not recognized
error: timestamp with time zone units "monthly" not recognized
    at /home/r34p3r/Projects/Boresha_mama/backend/node_modules/pg-pool/index.js:45:11
    at process.processTicksAndRejections (node:internal/process/task_queues:104:5)
    at async exports.getKPIData (/home/r34p3r/Projects/Boresha_mama/backend/src/controllers/reportController.js:91:25)
2026-05-30 09:25:15 [ERROR]: 500 - timestamp with time zone units "monthly" not recognized
error: timestamp with time zone units "monthly" not recognized
    at /home/r34p3r/Projects/Boresha_mama/backend/node_modules/pg-pool/index.js:45:11
    at process.processTicksAndRejections (node:internal/process/task_queues:104:5)
    at async exports.getKPIData (/home/r34p3r/Projects/Boresha_mama/backend/src/controllers/reportController.js:91:25)
2026-05-30 09:25:15 [ERROR]: 500 - timestamp with time zone units "monthly" not recognized
error: timestamp with time zone units "monthly" not recognized
    at /home/r34p3r/Projects/Boresha_mama/backend/node_modules/pg-pool/index.js:45:11
    at process.processTicksAndRejections (node:internal/process/task_queues:104:5)
    at async exports.getKPIData (/home/r34p3r/Projects/Boresha_mama/backend/src/controllers/reportController.js:91:25)
2026-05-30 09:36:07 [ERROR]: 500 - timestamp with time zone units "monthly" not recognized
error: timestamp with time zone units "monthly" not recognized
    at /home/r34p3r/Projects/Boresha_mama/backend/node_modules/pg-pool/index.js:45:11
    at process.processTicksAndRejections (node:internal/process/task_queues:104:5)
    at async exports.getKPIData (/home/r34p3r/Projects/Boresha_mama/backend/src/controllers/reportController.js:91:25)
2026-05-30 09:36:07 [ERROR]: 500 - timestamp with time zone units "monthly" not recognized
error: timestamp with time zone units "monthly" not recognized
    at /home/r34p3r/Projects/Boresha_mama/backend/node_modules/pg-pool/index.js:45:11
    at process.processTicksAndRejections (node:internal/process/task_queues:104:5)
    at async exports.getKPIData (/home/r34p3r/Projects/Boresha_mama/backend/src/controllers/reportController.js:91:25)
2026-05-30 09:36:12 [ERROR]: 500 - timestamp with time zone units "monthly" not recognized
error: timestamp with time zone units "monthly" not recognized
    at /home/r34p3r/Projects/Boresha_mama/backend/node_modules/pg-pool/index.js:45:11
    at process.processTicksAndRejections (node:internal/process/task_queues:104:5)
    at async exports.getKPIData (/home/r34p3r/Projects/Boresha_mama/backend/src/controllers/reportController.js:91:25)
2026-05-30 09:36:12 [ERROR]: 500 - timestamp with time zone units "monthly" not recognized
error: timestamp with time zone units "monthly" not recognized
    at /home/r34p3r/Projects/Boresha_mama/backend/node_modules/pg-pool/index.js:45:11
    at process.processTicksAndRejections (node:internal/process/task_queues:104:5)
    at async exports.getKPIData (/home/r34p3r/Projects/Boresha_mama/backend/src/controllers/reportController.js:91:25)
2026-05-30 09:40:03 [ERROR]: 500 - timestamp with time zone units "monthly" not recognized
error: timestamp with time zone units "monthly" not recognized
    at /home/r34p3r/Projects/Boresha_mama/backend/node_modules/pg-pool/index.js:45:11
    at process.processTicksAndRejections (node:internal/process/task_queues:104:5)
    at async exports.getKPIData (/home/r34p3r/Projects/Boresha_mama/backend/src/controllers/reportController.js:91:25)
2026-05-30 09:50:54 [ERROR]: 401 - Invalid email/phone or password
Error: Invalid email/phone or password
    at AuthService.login (/home/r34p3r/Projects/Boresha_mama/backend/src/services/authService.js:95:13)
    at async exports.login (/home/r34p3r/Projects/Boresha_mama/backend/src/controllers/authController.js:36:20)
2026-05-30 10:06:01 [ERROR]: 401 - Invalid email/phone or password
Error: Invalid email/phone or password
    at AuthService.login (/home/r34p3r/Projects/Boresha_mama/backend/src/services/authService.js:95:13)
    at async exports.login (/home/r34p3r/Projects/Boresha_mama/backend/src/controllers/authController.js:36:20)
2026-05-30 10:06:41 [ERROR]: 401 - Invalid email/phone or password
Error: Invalid email/phone or password
    at AuthService.login (/home/r34p3r/Projects/Boresha_mama/backend/src/services/authService.js:95:13)
    at async exports.login (/home/r34p3r/Projects/Boresha_mama/backend/src/controllers/authController.js:36:20)
2026-05-30 10:06:41 [ERROR]: 401 - Invalid email/phone or password
Error: Invalid email/phone or password
    at AuthService.login (/home/r34p3r/Projects/Boresha_mama/backend/src/services/authService.js:95:13)
    at async exports.login (/home/r34p3r/Projects/Boresha_mama/backend/src/controllers/authController.js:36:20)
2026-05-30 10:46:22 [ERROR]: SMS send failed:
2026-06-15 06:57:19 [ERROR]: 401 - Invalid email/phone or password
Error: Invalid email/phone or password
    at AuthService.login (/home/r34p3r/Projects/Boresha_mama/backend/src/services/authService.js:95:13)
    at Object.<anonymous>.exports.login (/home/r34p3r/Projects/Boresha_mama/backend/src/controllers/authController.js:36:20)
2026-06-15 06:57:24 [ERROR]: SMS send failed:
2026-06-15 07:02:12 [ERROR]: 401 - Invalid email/phone or password
Error: Invalid email/phone or password
    at AuthService.login (/home/r34p3r/Projects/Boresha_mama/backend/src/services/authService.js:95:13)
    at Object.<anonymous>.exports.login (/home/r34p3r/Projects/Boresha_mama/backend/src/controllers/authController.js:36:20)
2026-06-15 07:04:34 [ERROR]: SMS send failed:
2026-06-15 07:42:29 [ERROR]: Migration failed: syntax error at or near "NOT"
error: syntax error at or near "NOT"
    at /home/r34p3r/Projects/Boresha_mama/backend/node_modules/pg/lib/client.js:646:17
    at process.processTicksAndRejections (node:internal/process/task_queues:104:5)
    at async runMigrations (/home/r34p3r/Projects/Boresha_mama/backend/src/migrations/run.js:22:9)
2026-06-15 07:56:16 [ERROR]: 401 - Invalid email/phone or password
Error: Invalid email/phone or password
    at AuthService.login (/home/r34p3r/Projects/Boresha_mama/backend/src/services/authService.js:95:13)
    at Object.<anonymous>.exports.login (/home/r34p3r/Projects/Boresha_mama/backend/src/controllers/authController.js:36:20)
2026-06-15 08:00:14 [ERROR]: 401 - Invalid email/phone or password
Error: Invalid email/phone or password
    at AuthService.login (/home/r34p3r/Projects/Boresha_mama/backend/src/services/authService.js:95:13)
    at Object.<anonymous>.exports.login (/home/r34p3r/Projects/Boresha_mama/backend/src/controllers/authController.js:36:20)
2026-06-15 08:32:03 [ERROR]: 401 - Invalid email/phone or password
Error: Invalid email/phone or password
    at AuthService.login (/home/r34p3r/Projects/Boresha_mama/backend/src/services/authService.js:95:13)
    at Object.<anonymous>.exports.login (/home/r34p3r/Projects/Boresha_mama/backend/src/controllers/authController.js:36:20)
2026-06-15 08:35:04 [ERROR]: 401 - Invalid email/phone or password
Error: Invalid email/phone or password
    at AuthService.login (/home/r34p3r/Projects/Boresha_mama/backend/src/services/authService.js:95:13)
    at Object.<anonymous>.exports.login (/home/r34p3r/Projects/Boresha_mama/backend/src/controllers/authController.js:36:20)
2026-06-15 08:38:01 [ERROR]: Migration failed: could not create unique index "idx_locations_unique"
error: could not create unique index "idx_locations_unique"
    at /home/r34p3r/Projects/Boresha_mama/backend/node_modules/pg/lib/client.js:646:17
    at process.processTicksAndRejections (node:internal/process/task_queues:104:5)
    at async runMigrations (/home/r34p3r/Projects/Boresha_mama/backend/src/migrations/run.js:22:9)
2026-06-15 08:44:12 [ERROR]: Migration failed: could not create unique index "idx_locations_unique"
error: could not create unique index "idx_locations_unique"
    at /home/r34p3r/Projects/Boresha_mama/backend/node_modules/pg/lib/client.js:646:17
    at process.processTicksAndRejections (node:internal/process/task_queues:104:5)
    at async runMigrations (/home/r34p3r/Projects/Boresha_mama/backend/src/migrations/run.js:22:9)
2026-06-15 08:45:47 [ERROR]: Migration failed: could not create unique index "idx_locations_unique"
error: could not create unique index "idx_locations_unique"
    at /home/r34p3r/Projects/Boresha_mama/backend/node_modules/pg/lib/client.js:646:17
    at process.processTicksAndRejections (node:internal/process/task_queues:104:5)
    at async runMigrations (/home/r34p3r/Projects/Boresha_mama/backend/src/migrations/run.js:22:9)
2026-06-15 09:07:26 [ERROR]: 401 - Invalid email/phone or password
Error: Invalid email/phone or password
    at AuthService.login (/home/r34p3r/Projects/Boresha_mama/backend/src/services/authService.js:85:13)
    at processTicksAndRejections (node:internal/process/task_queues:104:5)
    at Object.<anonymous>.exports.login (/home/r34p3r/Projects/Boresha_mama/backend/src/controllers/authController.js:36:20)
2026-06-16 07:29:42 [ERROR]: 401 - Invalid email/phone or password
Error: Invalid email/phone or password
    at AuthService.login (/home/r34p3r/Projects/Boresha_mama/backend/src/services/authService.js:95:13)
    at async exports.login (/home/r34p3r/Projects/Boresha_mama/backend/src/controllers/authController.js:36:20)
2026-06-16 07:31:15 [ERROR]: 500 - column cp.date_of_birth does not exist
error: column cp.date_of_birth does not exist
    at /home/r34p3r/Projects/Boresha_mama/backend/node_modules/pg-pool/index.js:45:11
    at process.processTicksAndRejections (node:internal/process/task_queues:104:5)
    at async exports.getUsers (/home/r34p3r/Projects/Boresha_mama/backend/src/controllers/authController.js:207:20)
2026-06-16 07:31:15 [ERROR]: 500 - column cp.date_of_birth does not exist
error: column cp.date_of_birth does not exist
    at /home/r34p3r/Projects/Boresha_mama/backend/node_modules/pg-pool/index.js:45:11
    at process.processTicksAndRejections (node:internal/process/task_queues:104:5)
    at async exports.getUsers (/home/r34p3r/Projects/Boresha_mama/backend/src/controllers/authController.js:207:20)
2026-06-16 07:32:51 [ERROR]: 500 - column cp.date_of_birth does not exist
error: column cp.date_of_birth does not exist
    at /home/r34p3r/Projects/Boresha_mama/backend/node_modules/pg-pool/index.js:45:11
    at process.processTicksAndRejections (node:internal/process/task_queues:104:5)
    at async exports.getUsers (/home/r34p3r/Projects/Boresha_mama/backend/src/controllers/authController.js:207:20)
2026-06-16 07:32:51 [ERROR]: 500 - column cp.date_of_birth does not exist
error: column cp.date_of_birth does not exist
    at /home/r34p3r/Projects/Boresha_mama/backend/node_modules/pg-pool/index.js:45:11
    at process.processTicksAndRejections (node:internal/process/task_queues:104:5)
    at async exports.getUsers (/home/r34p3r/Projects/Boresha_mama/backend/src/controllers/authController.js:207:20)
2026-06-16 07:32:52 [ERROR]: 500 - column "sub_location" does not exist
error: column "sub_location" does not exist
    at /home/r34p3r/Projects/Boresha_mama/backend/node_modules/pg-pool/index.js:45:11
    at process.processTicksAndRejections (node:internal/process/task_queues:104:5)
    at async exports.getLocations (/home/r34p3r/Projects/Boresha_mama/backend/src/controllers/locationController.js:31:22)
2026-06-16 07:32:53 [ERROR]: 500 - column "sub_location" does not exist
error: column "sub_location" does not exist
    at /home/r34p3r/Projects/Boresha_mama/backend/node_modules/pg-pool/index.js:45:11
    at process.processTicksAndRejections (node:internal/process/task_queues:104:5)
    at async exports.getLocations (/home/r34p3r/Projects/Boresha_mama/backend/src/controllers/locationController.js:37:20)
2026-06-16 07:50:47 [ERROR]: 401 - Invalid email/phone or password
Error: Invalid email/phone or password
    at AuthService.login (/home/r34p3r/Projects/Boresha_mama/backend/src/services/authService.js:85:13)
    at process.processTicksAndRejections (node:internal/process/task_queues:104:5)
    at async exports.login (/home/r34p3r/Projects/Boresha_mama/backend/src/controllers/authController.js:36:20)
2026-06-16 07:53:45 [ERROR]: SMS send failed:
2026-06-16 08:00:03 [ERROR]: 401 - Invalid email/phone or password
Error: Invalid email/phone or password
    at AuthService.login (/home/r34p3r/Projects/Boresha_mama/backend/src/services/authService.js:85:13)
    at process.processTicksAndRejections (node:internal/process/task_queues:104:5)
    at async exports.login (/home/r34p3r/Projects/Boresha_mama/backend/src/controllers/authController.js:36:20)
2026-06-16 08:01:10 [ERROR]: SMS send failed:
2026-06-16 08:01:10 [ERROR]: SMS send failed:
2026-06-16 08:44:53 [ERROR]: SMS send failed:
2026-06-20 07:01:25 [ERROR]: 401 - Invalid email/phone or password
Error: Invalid email/phone or password
    at AuthService.login (/home/r34p3r/Projects/Boresha_mama/backend/src/services/authService.js:95:13)
    at Object.<anonymous>.exports.login (/home/r34p3r/Projects/Boresha_mama/backend/src/controllers/authController.js:37:20)
2026-06-21 08:21:36 [ERROR]: 401 - Invalid email/phone or password
Error: Invalid email/phone or password
    at AuthService.login (/home/r34p3r/Projects/Boresha_mama/backend/src/services/authService.js:95:13)
    at Object.<anonymous>.exports.login (/home/r34p3r/Projects/Boresha_mama/backend/src/controllers/authController.js:37:20)
2026-06-21 08:22:09 [ERROR]: 401 - Invalid email/phone or password
Error: Invalid email/phone or password
    at AuthService.login (/home/r34p3r/Projects/Boresha_mama/backend/src/services/authService.js:95:13)
    at Object.<anonymous>.exports.login (/home/r34p3r/Projects/Boresha_mama/backend/src/controllers/authController.js:37:20)
2026-06-21 08:24:58 [ERROR]: 401 - Invalid email/phone or password
Error: Invalid email/phone or password
    at AuthService.login (/home/r34p3r/Projects/Boresha_mama/backend/src/services/authService.js:95:13)
    at Object.<anonymous>.exports.login (/home/r34p3r/Projects/Boresha_mama/backend/src/controllers/authController.js:37:20)
2026-06-21 08:51:03 [ERROR]: 401 - Invalid email/phone or password
Error: Invalid email/phone or password
    at AuthService.login (/home/r34p3r/Projects/Boresha_mama/backend/src/services/authService.js:95:13)
    at Object.<anonymous>.exports.login (/home/r34p3r/Projects/Boresha_mama/backend/src/controllers/authController.js:37:20)
2026-06-21 09:08:20 [ERROR]: 401 - Invalid email/phone or password
Error: Invalid email/phone or password
    at AuthService.login (/home/r34p3r/Projects/Boresha_mama/backend/src/services/authService.js:94:13)
    at Object.<anonymous>.exports.login (/home/r34p3r/Projects/Boresha_mama/backend/src/controllers/authController.js:37:20)
2026-06-21 12:11:27 [ERROR]: 401 - Invalid email/phone or password
Error: Invalid email/phone or password
    at AuthService.login (/home/r34p3r/Projects/Boresha_mama/backend/src/services/authService.js:94:13)
    at Object.<anonymous>.exports.login (/home/r34p3r/Projects/Boresha_mama/backend/src/controllers/authController.js:37:20)
2026-06-21 12:16:31 [ERROR]: Seed failed: update or delete on table "users" violates foreign key constraint "audit_log_user_id_fkey" on table "audit_log"
error: update or delete on table "users" violates foreign key constraint "audit_log_user_id_fkey" on table "audit_log"
    at /home/r34p3r/Projects/Boresha_mama/backend/node_modules/pg/lib/client.js:646:17
    at process.processTicksAndRejections (node:internal/process/task_queues:104:5)
    at async seed (/home/r34p3r/Projects/Boresha_mama/backend/src/migrations/seed.js:14:5)
2026-06-21 12:17:09 [ERROR]: Seed failed: column "facility_id" of relation "mothers" does not exist
error: column "facility_id" of relation "mothers" does not exist
    at /home/r34p3r/Projects/Boresha_mama/backend/node_modules/pg/lib/client.js:646:17
    at process.processTicksAndRejections (node:internal/process/task_queues:104:5)
    at async seed (/home/r34p3r/Projects/Boresha_mama/backend/src/migrations/seed.js:191:7)
2026-06-21 13:01:38 [ERROR]: 401 - Invalid email/phone or password
Error: Invalid email/phone or password
    at AuthService.login (/home/r34p3r/Projects/Boresha_mama/backend/src/services/authService.js:94:13)
    at Object.<anonymous>.exports.login (/home/r34p3r/Projects/Boresha_mama/backend/src/controllers/authController.js:37:20)
2026-06-21 19:18:04 [ERROR]: 401 - Invalid email/phone or password
Error: Invalid email/phone or password
    at AuthService.login (/home/r34p3r/Projects/Boresha_mama/backend/src/services/authService.js:84:13)
    at process.processTicksAndRejections (node:internal/process/task_queues:104:5)
    at async exports.login (/home/r34p3r/Projects/Boresha_mama/backend/src/controllers/authController.js:37:20)
2026-06-21 19:18:16 [ERROR]: 401 - Invalid email/phone or password
Error: Invalid email/phone or password
    at AuthService.login (/home/r34p3r/Projects/Boresha_mama/backend/src/services/authService.js:84:13)
    at process.processTicksAndRejections (node:internal/process/task_queues:104:5)
    at async exports.login (/home/r34p3r/Projects/Boresha_mama/backend/src/controllers/authController.js:37:20)
2026-06-21 19:21:12 [ERROR]: 401 - Invalid email/phone or password
Error: Invalid email/phone or password
    at AuthService.login (/home/r34p3r/Projects/Boresha_mama/backend/src/services/authService.js:84:13)
    at process.processTicksAndRejections (node:internal/process/task_queues:104:5)
    at async exports.login (/home/r34p3r/Projects/Boresha_mama/backend/src/controllers/authController.js:37:20)
2026-06-21 19:21:19 [ERROR]: 401 - Invalid email/phone or password
Error: Invalid email/phone or password
    at AuthService.login (/home/r34p3r/Projects/Boresha_mama/backend/src/services/authService.js:84:13)
    at process.processTicksAndRejections (node:internal/process/task_queues:104:5)
    at async exports.login (/home/r34p3r/Projects/Boresha_mama/backend/src/controllers/authController.js:37:20)
2026-06-21 19:51:52 [ERROR]: 401 - Invalid email/phone or password
Error: Invalid email/phone or password
    at AuthService.login (/home/r34p3r/Projects/Boresha_mama/backend/src/services/authService.js:94:13)
    at Object.<anonymous>.exports.login (/home/r34p3r/Projects/Boresha_mama/backend/src/controllers/authController.js:37:20)
2026-06-21 20:00:13 [ERROR]: SMS send failed:
2026-06-21 23:47:30 [ERROR]: 401 - Invalid email/phone or password
Error: Invalid email/phone or password
    at AuthService.login (/home/r34p3r/Projects/Boresha_mama/backend/src/services/authService.js:84:13)
    at process.processTicksAndRejections (node:internal/process/task_queues:104:5)
    at async exports.login (/home/r34p3r/Projects/Boresha_mama/backend/src/controllers/authController.js:37:20)
2026-06-22 00:20:48 [ERROR]: SMS send failed:
2026-06-22 00:21:30 [ERROR]: SMS send failed:
2026-06-22 01:01:32 [ERROR]: 401 - Invalid email/phone or password
Error: Invalid email/phone or password
    at AuthService.login (/home/r34p3r/Projects/Boresha_mama/backend/src/services/authService.js:94:13)
    at Object.<anonymous>.exports.login (/home/r34p3r/Projects/Boresha_mama/backend/src/controllers/authController.js:37:20)
2026-06-22 10:35:55 [ERROR]: 401 - Invalid email/phone or password
Error: Invalid email/phone or password
    at AuthService.login (/home/r34p3r/Projects/Boresha_mama/backend/src/services/authService.js:94:13)
    at Object.<anonymous>.exports.login (/home/r34p3r/Projects/Boresha_mama/backend/src/controllers/authController.js:37:20)
2026-06-22 10:45:46 [ERROR]: 401 - Invalid email/phone or password
Error: Invalid email/phone or password
    at AuthService.login (/home/r34p3r/Projects/Boresha_mama/backend/src/services/authService.js:95:13)
    at Object.<anonymous>.exports.login (/home/r34p3r/Projects/Boresha_mama/backend/src/controllers/authController.js:37:20)
2026-06-22 10:46:30 [ERROR]: 401 - Invalid email/phone or password
Error: Invalid email/phone or password
    at AuthService.login (/home/r34p3r/Projects/Boresha_mama/backend/src/services/authService.js:95:13)
    at Object.<anonymous>.exports.login (/home/r34p3r/Projects/Boresha_mama/backend/src/controllers/authController.js:37:20)
2026-06-22 10:48:10 [ERROR]: 401 - Invalid email/phone or password
Error: Invalid email/phone or password
    at AuthService.login (/home/r34p3r/Projects/Boresha_mama/backend/src/services/authService.js:95:13)
    at Object.<anonymous>.exports.login (/home/r34p3r/Projects/Boresha_mama/backend/src/controllers/authController.js:37:20)
2026-06-22 14:23:37 [ERROR]: 401 - Invalid email/phone or password
Error: Invalid email/phone or password
    at AuthService.login (/home/r34p3r/Projects/Boresha_mama/backend/src/services/authService.js:85:13)
    at process.processTicksAndRejections (node:internal/process/task_queues:104:5)
    at async exports.login (/home/r34p3r/Projects/Boresha_mama/backend/src/controllers/authController.js:37:20)
2026-06-22 14:24:00 [ERROR]: 401 - Invalid email/phone or password
Error: Invalid email/phone or password
    at AuthService.login (/home/r34p3r/Projects/Boresha_mama/backend/src/services/authService.js:95:13)
    at async exports.login (/home/r34p3r/Projects/Boresha_mama/backend/src/controllers/authController.js:37:20)
2026-06-22 14:24:50 [ERROR]: 403 - Mother registration must be done by a CHV or health facility. Please visit your nearest health facility.
Error: Mother registration must be done by a CHV or health facility. Please visit your nearest health facility.
    at AuthService.register (/home/r34p3r/Projects/Boresha_mama/backend/src/services/authService.js:22:15)
    at process.processTicksAndRejections (node:internal/process/task_queues:104:5)
    at async exports.register (/home/r34p3r/Projects/Boresha_mama/backend/src/controllers/authController.js:7:20)
2026-06-22 16:04:23 [ERROR]: 401 - Invalid email/phone or password
Error: Invalid email/phone or password
    at AuthService.login (/home/r34p3r/Projects/Boresha_mama/backend/src/services/authService.js:95:13)
    at Object.<anonymous>.exports.login (/home/r34p3r/Projects/Boresha_mama/backend/src/controllers/authController.js:37:20)
